###############################################################
#  Generated by:      Cadence Innovus 21.15-s110_1
#  OS:                Linux x86_64(Host ID c2slab.daiict.ac.in)
#  Generated on:      Wed Jul 22 12:01:51 2026
#  Design:            mesh_4x4_top
#  Command:           report_timing -late  > ${OUT_DIR}/timing_final.rpt
###############################################################
Path 1: MET Late External Delay Assertion 
Endpoint:   pe_out_data[67] (^) checked with  leading edge of 'clk'
Beginpoint: pe_out_ready[5] (v) triggered by  leading edge of 'clk'
Path Groups: {clk}
Analysis View: ss_view
Other End Arrival Time          0.000
- External Delay                2.000
+ Phase Shift                  20.000
- Uncertainty                   0.500
= Required Time                17.500
- Arrival Time                  8.413
= Slack Time                    9.087
     Clock Rise Edge                      0.000
     + Input Delay                        2.000
     = Beginpoint Arrival Time            2.000
     +----------------------------------------------------------------------------------------------------+ 
     |               Instance                |        Arc        |   Cell    | Delay | Arrival | Required | 
     |                                       |                   |           |       |  Time   |   Time   | 
     |---------------------------------------+-------------------+-----------+-------+---------+----------| 
     |                                       | pe_out_ready[5] v |           |       |   2.000 |   11.087 | 
     | ROW[1].COL[1].u_router/g21997         | I v -> ZN ^       | inv0d0    | 0.528 |   2.528 |   11.615 | 
     | ROW[1].COL[1].u_router/g21889         | A4 ^ -> Z ^       | or04d0    | 0.494 |   3.022 |   12.109 | 
     | ROW[1].COL[1].u_router/g21856         | A1 ^ -> ZN v      | aoi22d1   | 0.152 |   3.174 |   12.261 | 
     | ROW[1].COL[1].u_router/g21838         | A1 v -> ZN ^      | oai22d1   | 0.303 |   3.476 |   12.564 | 
     | ROW[1].COL[1].u_router/g21817         | A1 ^ -> ZN v      | aoi22d1   | 0.229 |   3.705 |   12.793 | 
     | ROW[1].COL[1].u_router/g21810         | I v -> ZN ^       | inv0d0    | 0.982 |   4.687 |   13.775 | 
     | ROW[1].COL[1].u_router/g21757__6783   | B2 ^ -> ZN v      | aoi31d1   | 0.307 |   4.994 |   14.082 | 
     | ROW[1].COL[1].u_router/g21724__5526   | B1 v -> Z v       | aoim22d1  | 0.323 |   5.317 |   14.405 | 
     | ROW[1].COL[1].u_router/g21696__1617   | A v -> ZN ^       | oai221d1  | 0.136 |   5.453 |   14.541 | 
     | ROW[1].COL[1].u_router/FE_OFC30_n_391 | I ^ -> Z ^        | buffd1    | 0.620 |   6.074 |   15.161 | 
     | ROW[1].COL[1].u_router/g21636__2802   | B1 ^ -> ZN v      | aoi22d1   | 0.221 |   6.295 |   15.382 | 
     | ROW[1].COL[1].u_router/g21607__1617   | A v -> ZN ^       | oaim211d1 | 2.083 |   8.378 |   17.465 | 
     |                                       | pe_out_data[67] ^ |           | 0.035 |   8.413 |   17.500 | 
     +----------------------------------------------------------------------------------------------------+ 

